<?xml version="1.0" encoding="UTF-8"?>
<!-- Generated by org.testng.reporters.JUnitReportReporter -->
<testsuite hostname="DESKTOP-0CNGHMT" failures="0" tests="1" name="tests.LogInTest" time="1.720" errors="0" timestamp="2020-06-05T05:36:50 CEST" skipped="0">
  <testcase classname="tests.LogInTest" name="logInTest" time="1.720"/>
</testsuite> <!-- tests.LogInTest -->
