<?xml version="1.0" encoding="UTF-8"?>
<!-- Generated by org.testng.reporters.JUnitReportReporter -->
<testsuite hostname="DESKTOP-0CNGHMT" failures="0" tests="1" name="tests.LogInTest" time="3.900" errors="0" timestamp="2020-06-08T06:05:55 CEST" skipped="0">
  <testcase classname="tests.LogInTest" name="logInTest" time="3.900"/>
</testsuite> <!-- tests.LogInTest -->
