<?xml version="1.0" encoding="UTF-8"?>
<!-- Generated by org.testng.reporters.JUnitReportReporter -->
<testsuite hostname="DESKTOP-0CNGHMT" failures="0" tests="1" name="tests.LogInTest" time="16.381" errors="0" timestamp="2020-06-25T06:34:36 CEST" skipped="0">
  <testcase classname="tests.LogInTest" name="logInTest" time="16.381"/>
</testsuite> <!-- tests.LogInTest -->
