<?xml version="1.0" encoding="UTF-8"?>
<!-- Generated by org.testng.reporters.JUnitReportReporter -->
<testsuite hostname="DESKTOP-0CNGHMT" failures="0" tests="1" name="tests.HomePageTest" time="2.005" errors="0" timestamp="2020-06-04T06:19:57 CEST" skipped="0">
  <testcase classname="tests.HomePageTest" name="homePageTest" time="2.005"/>
</testsuite> <!-- tests.HomePageTest -->
