<?xml version="1.0" encoding="UTF-8"?>
<!-- Generated by org.testng.reporters.JUnitReportReporter -->
<testsuite hostname="DESKTOP-0CNGHMT" failures="0" tests="1" name="tests.LogInTest" time="6.770" errors="0" timestamp="2020-07-05T16:43:45 CEST" skipped="0">
  <testcase classname="tests.LogInTest" name="logInTest" time="6.770"/>
</testsuite> <!-- tests.LogInTest -->
